<?xml version="1.0" encoding="UTF-8"?>
<!-- Generated by org.testng.reporters.JUnitReportReporter -->
<testsuite skipped="1" hostname="Krishnas-MacBook-Pro.local" name="testcases.CustomersTest" tests="2" failures="0" timestamp="16 Nov 2019 07:42:54 GMT" time="53.867" errors="0">
  <testcase name="addCustomerTest" time="38.159" classname="testcases.CustomersTest"/>
  <testcase name="searchCustomerTest" time="15.708" classname="testcases.CustomersTest">
    <skipped/>
  </testcase> <!-- searchCustomerTest -->
</testsuite> <!-- testcases.CustomersTest -->
