<?xml version="1.0" encoding="UTF-8"?>
<!-- Generated by org.testng.reporters.JUnitReportReporter -->
<testsuite skipped="0" hostname="Krishnas-MacBook-Pro.local" name="testcases.DiscountsTest" tests="1" failures="0" timestamp="06 Nov 2019 02:41:54 GMT" time="20.751" errors="0">
  <testcase name="editExistingDiscountTest" time="20.751" classname="testcases.DiscountsTest"/>
</testsuite> <!-- testcases.DiscountsTest -->
