<?xml version="1.0" encoding="UTF-8"?>
<!-- Generated by org.testng.reporters.JUnitReportReporter -->
<testsuite skipped="0" hostname="Krishnas-MacBook-Pro.local" name="testcases.DiscountsTest" tests="3" failures="0" timestamp="12 Nov 2019 00:06:10 GMT" time="110.924" errors="0">
  <testcase name="editExistingDiscountTest" time="42.401" classname="testcases.DiscountsTest"/>
  <testcase name="searchDiscountTest" time="24.384" classname="testcases.DiscountsTest"/>
  <testcase name="addDiscountTest" time="44.139" classname="testcases.DiscountsTest"/>
</testsuite> <!-- testcases.DiscountsTest -->
