<?xml version="1.0" encoding="UTF-8"?>
<!-- Generated by org.testng.reporters.JUnitReportReporter -->
<testsuite skipped="0" hostname="Krishnas-MacBook-Pro.local" name="testcases.ProductsTest" tests="2" failures="0" timestamp="15 Nov 2019 00:53:40 GMT" time="55.493" errors="0">
  <testcase name="searchProductTest" time="25.475" classname="testcases.ProductsTest"/>
  <testcase name="addProductTest" time="30.018" classname="testcases.ProductsTest"/>
</testsuite> <!-- testcases.ProductsTest -->
