<?xml version="1.0" encoding="UTF-8"?>
<!-- Generated by org.testng.reporters.JUnitReportReporter -->
<testsuite skipped="0" hostname="Krishnas-MacBook-Pro.local" name="testcases.ProductsTest" tests="2" failures="0" timestamp="13 Nov 2019 02:03:24 GMT" time="38.798" errors="0">
  <testcase name="addProductTest" time="19.412" classname="testcases.ProductsTest"/>
  <testcase name="searchProductTest" time="19.386" classname="testcases.ProductsTest"/>
</testsuite> <!-- testcases.ProductsTest -->
