<?xml version="1.0" encoding="UTF-8"?>
<!-- Generated by org.testng.reporters.JUnitReportReporter -->
<testsuite skipped="0" hostname="Krishnas-MacBook-Pro.local" name="testcases.CustomersTest" tests="1" failures="0" timestamp="05 Nov 2019 00:54:08 GMT" time="22.934" errors="0">
  <testcase name="addCustomer" time="22.934" classname="testcases.CustomersTest"/>
</testsuite> <!-- testcases.CustomersTest -->
