<?xml version="1.0" encoding="UTF-8"?>
<!-- Generated by org.testng.reporters.JUnitReportReporter -->
<testsuite skipped="0" hostname="Krishnas-MacBook-Pro.local" name="testcases.CustomersTest" tests="2" failures="0" timestamp="12 Nov 2019 00:06:10 GMT" time="79.025" errors="0">
  <testcase name="searchCustomerTest" time="35.099" classname="testcases.CustomersTest"/>
  <testcase name="addCustomerTest" time="43.926" classname="testcases.CustomersTest"/>
</testsuite> <!-- testcases.CustomersTest -->
