<?xml version="1.0" encoding="UTF-8"?>
<!-- Generated by org.testng.reporters.JUnitReportReporter -->
<testsuite skipped="0" hostname="Krishnas-MacBook-Pro.local" name="testcases.ProductsTest" tests="2" failures="0" timestamp="11 Nov 2019 01:47:50 GMT" time="34.058" errors="0">
  <testcase name="searchProductTest" time="14.685" classname="testcases.ProductsTest"/>
  <testcase name="addProductTest" time="19.373" classname="testcases.ProductsTest"/>
</testsuite> <!-- testcases.ProductsTest -->
