<?xml version="1.0" encoding="UTF-8"?>
<!-- Generated by org.testng.reporters.JUnitReportReporter -->
<testsuite skipped="2" hostname="Krishnas-MacBook-Pro.local" name="testcases.DiscountsTest" tests="3" failures="0" timestamp="24 Nov 2019 01:33:53 GMT" time="48.400" errors="0">
  <testcase name="editExistingDiscountTest" time="9.874" classname="testcases.DiscountsTest">
    <skipped/>
  </testcase> <!-- editExistingDiscountTest -->
  <testcase name="addDiscountTest" time="28.349" classname="testcases.DiscountsTest"/>
  <testcase name="searchDiscountTest" time="10.177" classname="testcases.DiscountsTest">
    <skipped/>
  </testcase> <!-- searchDiscountTest -->
</testsuite> <!-- testcases.DiscountsTest -->
