<?xml version="1.0" encoding="UTF-8"?>
<!-- Generated by org.testng.reporters.JUnitReportReporter -->
<testsuite skipped="1" hostname="Krishnas-MacBook-Pro.local" name="testcases.ProductsTest" tests="2" failures="0" timestamp="16 Nov 2019 08:22:58 GMT" time="109.830" errors="0">
  <testcase name="addProductTest" time="24.667" classname="testcases.ProductsTest">
    <skipped/>
  </testcase> <!-- addProductTest -->
  <testcase name="searchProductTest" time="85.163" classname="testcases.ProductsTest"/>
</testsuite> <!-- testcases.ProductsTest -->
