<?xml version="1.0" encoding="UTF-8"?>
<!-- Generated by org.testng.reporters.JUnitReportReporter -->
<testsuite skipped="1" hostname="Krishnas-MacBook-Pro.local" name="testcases.ProductsTest" tests="2" failures="0" timestamp="24 Nov 2019 01:33:53 GMT" time="32.642" errors="0">
  <testcase name="addProductTest" time="13.105" classname="testcases.ProductsTest">
    <skipped/>
  </testcase> <!-- addProductTest -->
  <testcase name="searchProductTest" time="19.537" classname="testcases.ProductsTest"/>
</testsuite> <!-- testcases.ProductsTest -->
