<?xml version="1.0" encoding="UTF-8"?>
<!-- Generated by org.testng.reporters.JUnitReportReporter -->
<testsuite skipped="0" hostname="Krishnas-MacBook-Pro.local" name="testcases.ProductsTest" tests="2" failures="0" timestamp="12 Nov 2019 00:06:10 GMT" time="78.620" errors="0">
  <testcase name="addProductTest" time="52.217" classname="testcases.ProductsTest"/>
  <testcase name="searchProductTest" time="26.403" classname="testcases.ProductsTest"/>
</testsuite> <!-- testcases.ProductsTest -->
