<?xml version="1.0" encoding="UTF-8"?>
<!-- Generated by org.testng.reporters.JUnitReportReporter -->
<testsuite skipped="1" hostname="Krishnas-MacBook-Pro.local" name="testcases.CustomersTest" tests="2" failures="0" timestamp="04 Dec 2019 00:10:19 GMT" time="67.365" errors="0">
  <testcase name="addCustomerTest" time="22.674" classname="testcases.CustomersTest"/>
  <testcase name="searchCustomerTest" time="44.691" classname="testcases.CustomersTest">
    <skipped/>
  </testcase> <!-- searchCustomerTest -->
</testsuite> <!-- testcases.CustomersTest -->
