<?xml version="1.0" encoding="UTF-8"?>
<!-- Generated by org.testng.reporters.JUnitReportReporter -->
<testsuite skipped="2" hostname="Krishnas-MacBook-Pro.local" name="testcases.DiscountsTest" tests="5" failures="0" timestamp="18 Nov 2019 16:27:34 GMT" time="148.087" errors="0">
  <testcase name="editExistingDiscountTest" time="20.178" classname="testcases.DiscountsTest">
    <skipped/>
  </testcase> <!-- editExistingDiscountTest -->
  <testcase name="searchDiscountTest" time="12.696" classname="testcases.DiscountsTest">
    <skipped/>
  </testcase> <!-- searchDiscountTest -->
  <testcase name="addDiscountTest" time="44.713" classname="testcases.DiscountsTest"/>
  <testcase name="addDiscountTest" time="27.751" classname="testcases.DiscountsTest"/>
  <testcase name="addDiscountTest" time="42.749" classname="testcases.DiscountsTest"/>
</testsuite> <!-- testcases.DiscountsTest -->
