<?xml version="1.0" encoding="UTF-8"?>
<!-- Generated by org.testng.reporters.JUnitReportReporter -->
<testsuite skipped="0" hostname="Krishnas-MacBook-Pro.local" name="testcases.Dummy" tests="1" failures="0" timestamp="31 Oct 2019 04:53:06 GMT" time="11.964" errors="0">
  <testcase name="testCase" time="11.964" classname="testcases.Dummy"/>
</testsuite> <!-- testcases.Dummy -->
