<?xml version="1.0" encoding="UTF-8"?>
<!-- Generated by org.testng.reporters.JUnitReportReporter -->
<testsuite skipped="2" hostname="Krishnas-MacBook-Pro.local" name="testcases.DiscountsTest" tests="3" failures="0" timestamp="22 Nov 2019 02:58:45 GMT" time="60.042" errors="0">
  <testcase name="searchDiscountTest" time="15.320" classname="testcases.DiscountsTest">
    <skipped/>
  </testcase> <!-- searchDiscountTest -->
  <testcase name="addDiscountTest" time="26.915" classname="testcases.DiscountsTest"/>
  <testcase name="editExistingDiscountTest" time="17.807" classname="testcases.DiscountsTest">
    <skipped/>
  </testcase> <!-- editExistingDiscountTest -->
</testsuite> <!-- testcases.DiscountsTest -->
