<?xml version="1.0" encoding="UTF-8"?>
<!-- Generated by org.testng.reporters.JUnitReportReporter -->
<testsuite skipped="0" hostname="Krishnas-MacBook-Pro.local" name="testcases.DiscountsTest" tests="1" failures="0" timestamp="05 Nov 2019 02:55:36 GMT" time="30.981" errors="0">
  <testcase name="addDiscountTest" time="30.981" classname="testcases.DiscountsTest"/>
</testsuite> <!-- testcases.DiscountsTest -->
