<?xml version="1.0" encoding="UTF-8"?>
<!-- Generated by org.testng.reporters.JUnitReportReporter -->
<testsuite skipped="1" hostname="Krishnas-MacBook-Pro.local" name="testcases.CustomersTest" tests="2" failures="0" timestamp="15 Nov 2019 05:17:05 GMT" time="28.020" errors="0">
  <testcase name="addCustomerTest" time="14.965" classname="testcases.CustomersTest"/>
  <testcase name="searchCustomerTest" time="13.055" classname="testcases.CustomersTest">
    <skipped/>
  </testcase> <!-- searchCustomerTest -->
</testsuite> <!-- testcases.CustomersTest -->
