<?xml version="1.0" encoding="UTF-8"?>
<!-- Generated by org.testng.reporters.JUnitReportReporter -->
<testsuite skipped="0" hostname="Krishnas-MacBook-Pro.local" name="testcases.ProductsTest" tests="1" failures="0" timestamp="05 Nov 2019 01:22:30 GMT" time="19.533" errors="0">
  <testcase name="searchProduct" time="19.533" classname="testcases.ProductsTest"/>
</testsuite> <!-- testcases.ProductsTest -->
