<?xml version="1.0" encoding="UTF-8"?>
<!-- Generated by org.testng.reporters.JUnitReportReporter -->
<testsuite skipped="0" hostname="Krishnas-MacBook-Pro.local" name="testcases.Dummy" tests="1" failures="0" timestamp="03 Nov 2019 07:11:01 GMT" time="67.392" errors="0">
  <testcase name="testCase" time="67.392" classname="testcases.Dummy"/>
</testsuite> <!-- testcases.Dummy -->
